2020-07-20 15:30:42,335 INFO PERFORMANCE:|0|0|-1|-1

2020-07-20 15:35:42,342 INFO PERFORMANCE:|0|0|-1|-1

2020-07-20 15:40:42,349 INFO PERFORMANCE:|0|0|-1|-1

2020-07-20 15:45:42,356 INFO PERFORMANCE:|0|0|-1|-1

2020-07-20 15:50:42,363 INFO PERFORMANCE:|0|0|-1|-1

2020-07-20 15:55:42,370 INFO PERFORMANCE:|0|0|-1|-1

2020-07-20 16:00:42,377 INFO PERFORMANCE:|0|0|-1|-1

2020-07-20 16:05:42,386 INFO PERFORMANCE:|0|0|-1|-1

2020-07-20 16:10:42,394 INFO PERFORMANCE:|0|0|-1|-1

2020-07-20 16:15:42,401 INFO PERFORMANCE:|0|0|-1|-1

2020-07-20 16:20:42,408 INFO PERFORMANCE:|0|0|-1|-1

2020-07-20 16:25:42,415 INFO PERFORMANCE:|0|0|-1|-1

2020-07-20 16:30:42,422 INFO PERFORMANCE:|0|0|-1|-1

2020-07-20 16:35:42,430 INFO PERFORMANCE:|0|0|-1|-1

2020-07-20 16:40:42,437 INFO PERFORMANCE:|0|0|-1|-1

2020-07-20 16:45:42,444 INFO PERFORMANCE:|0|0|-1|-1

2020-07-20 16:50:42,451 INFO PERFORMANCE:|0|0|-1|-1

2020-07-20 16:55:42,458 INFO PERFORMANCE:|0|0|-1|-1

2020-07-20 17:00:42,465 INFO PERFORMANCE:|0|0|-1|-1

2020-07-20 17:05:42,473 INFO PERFORMANCE:|0|0|-1|-1

2020-07-20 17:10:42,480 INFO PERFORMANCE:|0|0|-1|-1

2020-07-20 17:15:42,487 INFO PERFORMANCE:|0|0|-1|-1

2020-07-20 17:20:42,494 INFO PERFORMANCE:|0|0|-1|-1

2020-07-20 17:25:42,501 INFO PERFORMANCE:|0|0|-1|-1

2020-07-20 17:30:42,508 INFO PERFORMANCE:|0|0|-1|-1

2020-07-20 17:35:42,516 INFO PERFORMANCE:|0|0|-1|-1

2020-07-20 17:40:42,523 INFO PERFORMANCE:|0|0|-1|-1

2020-07-20 17:45:42,531 INFO PERFORMANCE:|0|0|-1|-1

2020-07-20 17:50:42,538 INFO PERFORMANCE:|0|0|-1|-1

2020-07-20 17:55:42,545 INFO PERFORMANCE:|0|0|-1|-1

2020-07-20 18:00:42,552 INFO PERFORMANCE:|0|0|-1|-1

